This is pdfTeX, Version 3.14159265-2.6-1.40.16 (TeX Live 2015) (preloaded format=pdflatex 2016.1.30)  7 FEB 2016 23:06
entering extended mode
 restricted \write18 enabled.
 %&-line parsing enabled.
**autonomous-robots-main
(./autonomous-robots-main.tex
LaTeX2e <2015/01/01>
Babel <3.9l> and hyphenation patterns for 79 languages loaded.
(./fix-cm.sty
Package: fix-cm 2004/02/13 v1.1h fixes to LaTeX
 (/usr/local/texlive/2015/texmf-dist/tex/latex/base/ts1enc.def
File: ts1enc.def 2001/06/05 v3.0e (jk/car/fm) Standard LaTeX file
))
(./svjour3.cls
Document Class: svjour3 2007/05/08 v3.2 
LaTeX document class for Springer journals
(/usr/local/texlive/2015/texmf-dist/tex/latex/base/fleqn.clo
File: fleqn.clo 2015/03/31 v1.1i Standard LaTeX option (flush left equations)
\mathindent=\dimen102
Applying: [2015/01/01] Make \[ robust on input line 50.
LaTeX Info: Redefining \[ on input line 51.
Already applied: [0000/00/00] Make \[ robust on input line 62.
Applying: [2015/01/01] Make \] robust on input line 74.
LaTeX Info: Redefining \] on input line 75.
Already applied: [0000/00/00] Make \] robust on input line 83.
)
Class Springer-SVJour3 Info: extra/valid Springer sub-package (-> *.clo) 
(Springer-SVJour3)           not found in option list of \documentclass
(Springer-SVJour3)           - autoactivating "global" style.
 (./svglov3.clo
File: svglov3.clo 2009/12/18 v3.2 style option for standardised journals

SVJour Class option: svglov3.clo for standardised journals
)
LaTeX Font Info:    Redeclaring math symbol \Gamma on input line 147.
LaTeX Font Info:    Redeclaring math symbol \Delta on input line 148.
LaTeX Font Info:    Redeclaring math symbol \Theta on input line 149.
LaTeX Font Info:    Redeclaring math symbol \Lambda on input line 150.
LaTeX Font Info:    Redeclaring math symbol \Xi on input line 151.
LaTeX Font Info:    Redeclaring math symbol \Pi on input line 152.
LaTeX Font Info:    Redeclaring math symbol \Sigma on input line 153.
LaTeX Font Info:    Redeclaring math symbol \Upsilon on input line 154.
LaTeX Font Info:    Redeclaring math symbol \Phi on input line 155.
LaTeX Font Info:    Redeclaring math symbol \Psi on input line 156.
LaTeX Font Info:    Redeclaring math symbol \Omega on input line 157.
\logodepth=\dimen103
\headerboxheight=\dimen104
\betweenumberspace=\dimen105
\aftertext=\dimen106
\headlineindent=\dimen107
\c@inst=\count79
\c@auth=\count80
\instindent=\dimen108
\authrun=\box26
\authorrunning=\toks14
\titrun=\box27
\titlerunning=\toks15
\combirun=\box28
\c@lastpage=\count81
\rubricwidth=\dimen109
\c@section=\count82
\c@subsection=\count83
\c@subsubsection=\count84
\c@paragraph=\count85
\c@subparagraph=\count86
\spthmsep=\dimen110
\c@theorem=\count87
\c@case=\count88
\c@conjecture=\count89
\c@corollary=\count90
\c@definition=\count91
\c@example=\count92
\c@exercise=\count93
\c@lemma=\count94
\c@note=\count95
\c@problem=\count96
\c@property=\count97
\c@proposition=\count98
\c@question=\count99
\c@solution=\count100
\c@remark=\count101
\c@figure=\count102
\c@table=\count103
\abovecaptionskip=\skip41
\belowcaptionskip=\skip42
\figcapgap=\dimen111
\tabcapgap=\dimen112
\figgap=\dimen113
\bibindent=\dimen114
\@tempcntc=\count104
) (/usr/local/texlive/2015/texmf-dist/tex/latex/natbib/natbib.sty
Package: natbib 2010/09/13 8.31b (PWD, AO)
\bibhang=\skip43
\bibsep=\skip44
LaTeX Info: Redefining \cite on input line 694.
\c@NAT@ctr=\count105
)
(/usr/local/texlive/2015/texmf-dist/tex/latex/graphics/graphicx.sty
Package: graphicx 2014/10/28 v1.0g Enhanced LaTeX Graphics (DPC,SPQR)

(/usr/local/texlive/2015/texmf-dist/tex/latex/graphics/keyval.sty
Package: keyval 2014/10/28 v1.15 key=value parser (DPC)
\KV@toks@=\toks16
)
(/usr/local/texlive/2015/texmf-dist/tex/latex/graphics/graphics.sty
Package: graphics 2014/10/28 v1.0p Standard LaTeX Graphics (DPC,SPQR)

(/usr/local/texlive/2015/texmf-dist/tex/latex/graphics/trig.sty
Package: trig 1999/03/16 v1.09 sin cos tan (DPC)
)
(/usr/local/texlive/2015/texmf-dist/tex/latex/latexconfig/graphics.cfg
File: graphics.cfg 2010/04/23 v1.9 graphics configuration of TeX Live
)
Package graphics Info: Driver file: pdftex.def on input line 94.

(/usr/local/texlive/2015/texmf-dist/tex/latex/pdftex-def/pdftex.def
File: pdftex.def 2011/05/27 v0.06d Graphics/color for pdfTeX

(/usr/local/texlive/2015/texmf-dist/tex/generic/oberdiek/infwarerr.sty
Package: infwarerr 2010/04/08 v1.3 Providing info/warning/error messages (HO)
)
(/usr/local/texlive/2015/texmf-dist/tex/generic/oberdiek/ltxcmds.sty
Package: ltxcmds 2011/11/09 v1.22 LaTeX kernel commands for general use (HO)
)
\Gread@gobject=\count106
))
\Gin@req@height=\dimen115
\Gin@req@width=\dimen116
)
(/usr/local/texlive/2015/texmf-dist/tex/latex/amsmath/amsmath.sty
Package: amsmath 2013/01/14 v2.14 AMS math features
\@mathmargin=\skip45

For additional information on amsmath, use the `?' option.
(/usr/local/texlive/2015/texmf-dist/tex/latex/amsmath/amstext.sty
Package: amstext 2000/06/29 v2.01

(/usr/local/texlive/2015/texmf-dist/tex/latex/amsmath/amsgen.sty
File: amsgen.sty 1999/11/30 v2.0
\@emptytoks=\toks17
\ex@=\dimen117
))
(/usr/local/texlive/2015/texmf-dist/tex/latex/amsmath/amsbsy.sty
Package: amsbsy 1999/11/29 v1.2d
\pmbraise@=\dimen118
)
(/usr/local/texlive/2015/texmf-dist/tex/latex/amsmath/amsopn.sty
Package: amsopn 1999/12/14 v2.01 operator names
)
\inf@bad=\count107
LaTeX Info: Redefining \frac on input line 210.
\uproot@=\count108
\leftroot@=\count109
LaTeX Info: Redefining \overline on input line 306.
\classnum@=\count110
\DOTSCASE@=\count111
LaTeX Info: Redefining \ldots on input line 378.
LaTeX Info: Redefining \dots on input line 381.
LaTeX Info: Redefining \cdots on input line 466.
\Mathstrutbox@=\box29
\strutbox@=\box30
\big@size=\dimen119
LaTeX Font Info:    Redeclaring font encoding OML on input line 566.
LaTeX Font Info:    Redeclaring font encoding OMS on input line 567.


Package amsmath Warning: Unable to redefine math accent \vec.

\macc@depth=\count112
\c@MaxMatrixCols=\count113
\dotsspace@=\muskip10
\c@parentequation=\count114
\dspbrk@lvl=\count115
\tag@help=\toks18
\row@=\count116
\column@=\count117
\maxfields@=\count118
\andhelp@=\toks19
\eqnshift@=\dimen120
\alignsep@=\dimen121
\tagshift@=\dimen122
\tagwidth@=\dimen123
\totwidth@=\dimen124
\lineht@=\dimen125
\@envbody=\toks20
\multlinegap=\skip46
\multlinetaggap=\skip47
\mathdisplay@stack=\toks21
LaTeX Info: Redefining \[ on input line 2665.
LaTeX Info: Redefining \] on input line 2666.
) (/usr/local/texlive/2015/texmf-dist/tex/latex/amsfonts/amssymb.sty
Package: amssymb 2013/01/14 v3.01 AMS font symbols

(/usr/local/texlive/2015/texmf-dist/tex/latex/amsfonts/amsfonts.sty
Package: amsfonts 2013/01/14 v3.01 Basic AMSFonts support
\symAMSa=\mathgroup4
\symAMSb=\mathgroup5
LaTeX Font Info:    Overwriting math alphabet `\mathfrak' in version `bold'
(Font)                  U/euf/m/n --> U/euf/b/n on input line 106.
))
(./algorithm.sty
Package: algorithm 2009/08/24 v0.1 Document Style `algorithm' - floating enviro
nment
 (/usr/local/texlive/2015/texmf-dist/tex/latex/float/float.sty
Package: float 2001/11/08 v1.3d Float enhancements (AL)
\c@float@type=\count119
\float@exts=\toks22
\float@box=\box31
\@float@everytoks=\toks23
\@floatcapt=\box32
) (/usr/local/texlive/2015/texmf-dist/tex/latex/base/ifthen.sty
Package: ifthen 2014/09/29 v1.1c Standard LaTeX ifthen package (DPC)
)
\@float@every@algorithm=\toks24
\c@algorithm=\count120
)
(/usr/local/texlive/2015/texmf-dist/tex/latex/oberdiek/epstopdf.sty
Package: epstopdf 2010/02/09 v2.5 Conversion with epstopdf on the fly (HO)

(/usr/local/texlive/2015/texmf-dist/tex/latex/oberdiek/epstopdf-base.sty
Package: epstopdf-base 2010/02/09 v2.5 Base part for package epstopdf

(/usr/local/texlive/2015/texmf-dist/tex/latex/oberdiek/grfext.sty
Package: grfext 2010/08/19 v1.1 Manage graphics extensions (HO)

(/usr/local/texlive/2015/texmf-dist/tex/generic/oberdiek/kvdefinekeys.sty
Package: kvdefinekeys 2011/04/07 v1.3 Define keys (HO)
))
(/usr/local/texlive/2015/texmf-dist/tex/latex/oberdiek/kvoptions.sty
Package: kvoptions 2011/06/30 v3.11 Key value format for package options (HO)

(/usr/local/texlive/2015/texmf-dist/tex/generic/oberdiek/kvsetkeys.sty
Package: kvsetkeys 2012/04/25 v1.16 Key value parser (HO)

(/usr/local/texlive/2015/texmf-dist/tex/generic/oberdiek/etexcmds.sty
Package: etexcmds 2011/02/16 v1.5 Avoid name clashes with e-TeX commands (HO)

(/usr/local/texlive/2015/texmf-dist/tex/generic/oberdiek/ifluatex.sty
Package: ifluatex 2010/03/01 v1.3 Provides the ifluatex switch (HO)
Package ifluatex Info: LuaTeX not detected.
)
Package etexcmds Info: Could not find \expanded.
(etexcmds)             That can mean that you are not using pdfTeX 1.50 or
(etexcmds)             that some package has redefined \expanded.
(etexcmds)             In the latter case, load this package earlier.
)))
(/usr/local/texlive/2015/texmf-dist/tex/generic/oberdiek/pdftexcmds.sty
Package: pdftexcmds 2011/11/29 v0.20 Utility functions of pdfTeX for LuaTeX (HO
)

(/usr/local/texlive/2015/texmf-dist/tex/generic/oberdiek/ifpdf.sty
Package: ifpdf 2011/01/30 v2.3 Provides the ifpdf switch (HO)
Package ifpdf Info: pdfTeX in PDF mode is detected.
)
Package pdftexcmds Info: LuaTeX not detected.
Package pdftexcmds Info: \pdf@primitive is available.
Package pdftexcmds Info: \pdf@ifprimitive is available.
Package pdftexcmds Info: \pdfdraftmode found.
)
Package grfext Info: Graphics extension search list:
(grfext)             [.png,.pdf,.jpg,.mps,.jpeg,.jbig2,.jb2,.PNG,.PDF,.JPG,.JPE
G,.JBIG2,.JB2,.eps]
(grfext)             \AppendGraphicsExtensions on input line 452.

(/usr/local/texlive/2015/texmf-dist/tex/latex/latexconfig/epstopdf-sys.cfg
File: epstopdf-sys.cfg 2010/07/13 v1.3 Configuration of (r)epstopdf for TeX Liv
e
)))
(./algorithmic.sty
Package: algorithmic 2009/08/24 v0.1 Document Style `algorithmic'
\c@ALC@unique=\count121
\c@ALC@line=\count122
\c@ALC@rem=\count123
\c@ALC@depth=\count124
\ALC@tlm=\skip48
\algorithmicindent=\skip49
)
(/usr/local/texlive/2015/texmf-dist/tex/latex/stackengine/stackengine.sty
Package: stackengine 2014/01/06 v3.24\ Stacking text and objects in convenient 
ways

(/usr/local/texlive/2015/texmf-dist/tex/latex/etoolbox/etoolbox.sty
Package: etoolbox 2015/05/04 v2.2 e-TeX tools for LaTeX (JAW)
\etb@tempcnta=\count125
)
(/usr/local/texlive/2015/texmf-dist/tex/latex/tools/calc.sty
Package: calc 2014/10/28 v4.3 Infix arithmetic (KKT,FJ)
\calc@Acount=\count126
\calc@Bcount=\count127
\calc@Adimen=\dimen126
\calc@Bdimen=\dimen127
\calc@Askip=\skip50
\calc@Bskip=\skip51
LaTeX Info: Redefining \setlength on input line 80.
LaTeX Info: Redefining \addtolength on input line 81.
\calc@Ccount=\count128
\calc@Cskip=\skip52
)
\c@@stackindex=\count129
\@boxshift=\skip53
\stack@tmplength=\skip54
\temp@stkl=\skip55
\@stackedboxwidth=\skip56
\@addedbox=\box33
\@anchorbox=\box34
\stackedbox=\box35
\@centerbox=\box36
\c@ROWcellindex@=\count130
)
(./autonomous-robots-main.aux)
\openout1 = `autonomous-robots-main.aux'.

LaTeX Font Info:    Checking defaults for OML/cmm/m/it on input line 71.
LaTeX Font Info:    ... okay on input line 71.
LaTeX Font Info:    Checking defaults for T1/cmr/m/n on input line 71.
LaTeX Font Info:    ... okay on input line 71.
LaTeX Font Info:    Checking defaults for OT1/cmr/m/n on input line 71.
LaTeX Font Info:    ... okay on input line 71.
LaTeX Font Info:    Checking defaults for OMS/cmsy/m/n on input line 71.
LaTeX Font Info:    ... okay on input line 71.
LaTeX Font Info:    Checking defaults for OMX/cmex/m/n on input line 71.
LaTeX Font Info:    ... okay on input line 71.
LaTeX Font Info:    Checking defaults for U/cmr/m/n on input line 71.
LaTeX Font Info:    ... okay on input line 71.
LaTeX Font Info:    Checking defaults for TS1/cmr/m/n on input line 71.
LaTeX Font Info:    ... okay on input line 71.

Unknown journal: specify \journalname{<name of your journal>} in preambel

(/usr/local/texlive/2015/texmf-dist/tex/context/base/supp-pdf.mkii
[Loading MPS to PDF converter (version 2006.09.02).]
\scratchcounter=\count131
\scratchdimen=\dimen128
\scratchbox=\box37
\nofMPsegments=\count132
\nofMParguments=\count133
\everyMPshowfont=\toks25
\MPscratchCnt=\count134
\MPscratchDim=\dimen129
\MPnumerator=\count135
\makeMPintoPDFobject=\count136
\everyMPtoPDFconversion=\toks26
)
SVJour3 warning: Missing \journalname
LaTeX Font Info:    Try loading font information for U+msa on input line 101.
(/usr/local/texlive/2015/texmf-dist/tex/latex/amsfonts/umsa.fd
File: umsa.fd 2013/01/14 v3.01 AMS symbols A
)
LaTeX Font Info:    Try loading font information for U+msb on input line 101.

(/usr/local/texlive/2015/texmf-dist/tex/latex/amsfonts/umsb.fd
File: umsb.fd 2013/01/14 v3.01 AMS symbols B
)
LaTeX Font Info:    Calculating math sizes for size <8.5> on input line 101.
LaTeX Font Info:    Try loading font information for OMS+cmr on input line 101.


(/usr/local/texlive/2015/texmf-dist/tex/latex/base/omscmr.fd
File: omscmr.fd 2014/09/29 v2.5h Standard LaTeX font definitions
)
LaTeX Font Info:    Font shape `OMS/cmr/m/n' in size <8.5> not available
(Font)              Font shape `OMS/cmsy/m/n' tried instead on input line 101.
 (./abstract.tex)
(./introduction.tex
Underfull \vbox (badness 10000) has occurred while \output is active []

)
(./motivation.tex [1{/usr/local/texlive/2015/texmf-var/fonts/map/pdftex/updmap/
pdftex.map}


] <three-prediction-problems.jpg, id=14, 16260.75pt x 5302.81125pt>
File: three-prediction-problems.jpg Graphic file (type jpg)

<use three-prediction-problems.jpg>
Package pdftex.def Info: three-prediction-problems.jpg used on input line 15.
(pdftex.def)             Requested size: 420.75302pt x 137.1497pt.
) (./schema.tex [2]
<modular-schema.jpg, id=18, 7005.17125pt x 3888.5275pt>
File: modular-schema.jpg Graphic file (type jpg)

<use modular-schema.jpg>
Package pdftex.def Info: modular-schema.jpg used on input line 16.
(pdftex.def)             Requested size: 215.06628pt x 119.38016pt.
) (./learning.tex
<sequential-frames.jpg, id=19, 6816.46625pt x 2191.18625pt>
File: sequential-frames.jpg Graphic file (type jpg)

<use sequential-frames.jpg>
Package pdftex.def Info: sequential-frames.jpg used on input line 4.
(pdftex.def)             Requested size: 396.00151pt x 127.28615pt.
 [3 <./three-prediction-problems.jpg> <./modular-schema.jpg>]
Underfull \vbox (badness 2150) has occurred while \output is active []

 [4 <./sequential-frames.jpg>]
Overfull \hbox (1.9807pt too wide) in paragraph at lines 101--102
\OT1/cmr/m/n/10 can as-sume quasi-static con-di-tions, and ig-nore all frames
 []

(./transfer-information.tex
<shapes-colour.jpg, id=35, 5118.12125pt x 2090.81125pt>
File: shapes-colour.jpg Graphic file (type jpg)

<use shapes-colour.jpg>
Package pdftex.def Info: shapes-colour.jpg used on input line 4.
(pdftex.def)             Requested size: 238.96417pt x 97.5918pt.
 <information.jpg, id=36, 8590.0925pt x 2199.21625pt>
File: information.jpg Graphic file (type jpg)

<use information.jpg>
Package pdftex.def Info: information.jpg used on input line 11.
(pdftex.def)             Requested size: 495.0pt x 126.71234pt.
 [5 <./shapes-colour.jpg>]
<BackPushToyExample.jpg, id=40, 5862.90375pt x 2926.935pt>
File: BackPushToyExample.jpg Graphic file (type jpg)

<use BackPushToyExample.jpg>
Package pdftex.def Info: BackPushToyExample.jpg used on input line 28.
(pdftex.def)             Requested size: 238.96417pt x 119.29053pt.
) [6]
<product-predictor.jpg, id=44, 10301.48625pt x 5199.425pt>
File: product-predictor.jpg Graphic file (type jpg)

<use product-predictor.jpg>
Package pdftex.def Info: product-predictor.jpg used on input line 191.
(pdftex.def)             Requested size: 238.96417pt x 120.59183pt.
 [7 <./information.jpg> <./BackPushToyExample.jpg>]) (./implementation.tex
Overfull \hbox (0.14731pt too wide) in paragraph at lines 6--7
\OT1/cmr/m/n/10 Pro-jec-tion Re-gres-sion (LWPR). For the un-fac-tored den-
 []

[8 <./product-predictor.jpg>] [9]) (./results.tex
\barchartwidth=\skip57
 [10]
<training.jpg, id=62, 1421.31pt x 1069.9975pt>
File: training.jpg Graphic file (type jpg)
 <use training.jpg>
Package pdftex.def Info: training.jpg used on input line 30.
(pdftex.def)             Requested size: 99.58464pt x 74.95645pt.

<complex1.jpg, id=63, 421.575pt x 316.18124pt>
File: complex1.jpg Graphic file (type jpg)
 <use complex1.jpg>
Package pdftex.def Info: complex1.jpg used on input line 30.
(pdftex.def)             Requested size: 99.58464pt x 74.68855pt.

<complex2.jpg, id=64, 421.575pt x 316.18124pt>
File: complex2.jpg Graphic file (type jpg)
 <use complex2.jpg>
Package pdftex.def Info: complex2.jpg used on input line 34.
(pdftex.def)             Requested size: 99.58464pt x 74.68855pt.

<complex4.jpg, id=65, 421.575pt x 316.18124pt>
File: complex4.jpg Graphic file (type jpg)
 <use complex4.jpg>
Package pdftex.def Info: complex4.jpg used on input line 34.
(pdftex.def)             Requested size: 99.58464pt x 74.68855pt.
 [11 <./training.jpg> <./complex1.jpg> <./complex2.jpg> <./complex4.jpg>]
<./P1-graphs.jpg, id=69, 7474.92625pt x 8405.4025pt>
File: ./P1-graphs.jpg Graphic file (type jpg)
 <use ./P1-graphs.jpg>
Package pdftex.def Info: ./P1-graphs.jpg used on input line 110.
(pdftex.def)             Requested size: 396.00151pt x 445.1764pt.

Overfull \hbox (2.70285pt too wide) in paragraph at lines 122--126
\OT1/cmr/m/n/10 den-sity es-ti-ma-tion tech-niques were stud-ied with all three

 []

<./L1av-graph-cyl-sim.jpg, id=70, 4787.8875pt x 3679.7475pt>
File: ./L1av-graph-cyl-sim.jpg Graphic file (type jpg)

<use ./L1av-graph-cyl-sim.jpg>
Package pdftex.def Info: ./L1av-graph-cyl-sim.jpg used on input line 141.
(pdftex.def)             Requested size: 215.06628pt x 165.2446pt.
\imgwid=\skip58
 <./A00000.jpg, id=71, 336.0555pt x 251.7405pt>
File: ./A00000.jpg Graphic file (type jpg)

<use ./A00000.jpg>
Package pdftex.def Info: ./A00000.jpg used on input line 154.
(pdftex.def)             Requested size: 71.13188pt x 53.28575pt.
 <./B00257.jpg, id=72, 336.0555pt x 251.7405pt>
File: ./B00257.jpg Graphic file (type jpg)

<use ./B00257.jpg>
Package pdftex.def Info: ./B00257.jpg used on input line 154.
(pdftex.def)             Requested size: 71.13188pt x 53.28575pt.
 <./C00900.jpg, id=73, 336.0555pt x 251.7405pt>
File: ./C00900.jpg Graphic file (type jpg)

<use ./C00900.jpg>
Package pdftex.def Info: ./C00900.jpg used on input line 154.
(pdftex.def)             Requested size: 71.13188pt x 53.28575pt.
 <./A00050.jpg, id=74, 336.0555pt x 251.7405pt>
File: ./A00050.jpg Graphic file (type jpg)

<use ./A00050.jpg>
Package pdftex.def Info: ./A00050.jpg used on input line 159.
(pdftex.def)             Requested size: 71.13188pt x 53.28575pt.
 <./B00300.jpg, id=75, 336.0555pt x 251.7405pt>
File: ./B00300.jpg Graphic file (type jpg)

<use ./B00300.jpg>
Package pdftex.def Info: ./B00300.jpg used on input line 159.
(pdftex.def)             Requested size: 71.13188pt x 53.28575pt.
 <./C00950.jpg, id=76, 336.0555pt x 251.7405pt>
File: ./C00950.jpg Graphic file (type jpg)

<use ./C00950.jpg>
Package pdftex.def Info: ./C00950.jpg used on input line 159.
(pdftex.def)             Requested size: 71.13188pt x 53.28575pt.
 <./A00100.jpg, id=77, 336.0555pt x 251.7405pt>
File: ./A00100.jpg Graphic file (type jpg)

<use ./A00100.jpg>
Package pdftex.def Info: ./A00100.jpg used on input line 164.
(pdftex.def)             Requested size: 71.13188pt x 53.28575pt.
 <./B00350.jpg, id=78, 336.0555pt x 251.7405pt>
File: ./B00350.jpg Graphic file (type jpg)

<use ./B00350.jpg>
Package pdftex.def Info: ./B00350.jpg used on input line 164.
(pdftex.def)             Requested size: 71.13188pt x 53.28575pt.
 <./C01000.jpg, id=79, 336.0555pt x 251.7405pt>
File: ./C01000.jpg Graphic file (type jpg)

<use ./C01000.jpg>
Package pdftex.def Info: ./C01000.jpg used on input line 164.
(pdftex.def)             Requested size: 71.13188pt x 53.28575pt.
 <./A00150.jpg, id=80, 336.0555pt x 251.7405pt>
File: ./A00150.jpg Graphic file (type jpg)

<use ./A00150.jpg>
Package pdftex.def Info: ./A00150.jpg used on input line 169.
(pdftex.def)             Requested size: 71.13188pt x 53.28575pt.
 <./B00400.jpg, id=81, 336.0555pt x 251.7405pt>
File: ./B00400.jpg Graphic file (type jpg)

<use ./B00400.jpg>
Package pdftex.def Info: ./B00400.jpg used on input line 169.
(pdftex.def)             Requested size: 71.13188pt x 53.28575pt.
 <./C01050.jpg, id=82, 336.0555pt x 251.7405pt>
File: ./C01050.jpg Graphic file (type jpg)

<use ./C01050.jpg>
Package pdftex.def Info: ./C01050.jpg used on input line 169.
(pdftex.def)             Requested size: 71.13188pt x 53.28575pt.
 <./A00200.jpg, id=83, 336.0555pt x 251.7405pt>
File: ./A00200.jpg Graphic file (type jpg)

<use ./A00200.jpg>
Package pdftex.def Info: ./A00200.jpg used on input line 175.
(pdftex.def)             Requested size: 71.13188pt x 53.28575pt.
 <./B00450.jpg, id=84, 336.0555pt x 251.7405pt>
File: ./B00450.jpg Graphic file (type jpg)

<use ./B00450.jpg>
Package pdftex.def Info: ./B00450.jpg used on input line 175.
(pdftex.def)             Requested size: 71.13188pt x 53.28575pt.
 <./C01063.jpg, id=85, 336.0555pt x 251.7405pt>
File: ./C01063.jpg Graphic file (type jpg)

<use ./C01063.jpg>
Package pdftex.def Info: ./C01063.jpg used on input line 175.
(pdftex.def)             Requested size: 71.13188pt x 53.28575pt.
 <./A00250.jpg, id=86, 336.0555pt x 251.7405pt>
File: ./A00250.jpg Graphic file (type jpg)

<use ./A00250.jpg>
Package pdftex.def Info: ./A00250.jpg used on input line 181.
(pdftex.def)             Requested size: 71.13188pt x 53.28575pt.
 <./B00500.jpg, id=87, 336.0555pt x 251.7405pt>
File: ./B00500.jpg Graphic file (type jpg)

<use ./B00500.jpg>
Package pdftex.def Info: ./B00500.jpg used on input line 181.
(pdftex.def)             Requested size: 71.13188pt x 53.28575pt.
 <./C01069.jpg, id=88, 336.0555pt x 251.7405pt>
File: ./C01069.jpg Graphic file (type jpg)

<use ./C01069.jpg>
Package pdftex.def Info: ./C01069.jpg used on input line 181.
(pdftex.def)             Requested size: 71.13188pt x 53.28575pt.
 <./A00295.jpg, id=89, 336.0555pt x 251.7405pt>
File: ./A00295.jpg Graphic file (type jpg)

<use ./A00295.jpg>
Package pdftex.def Info: ./A00295.jpg used on input line 186.
(pdftex.def)             Requested size: 71.13188pt x 53.28575pt.
 <./B00550.jpg, id=90, 336.0555pt x 251.7405pt>
File: ./B00550.jpg Graphic file (type jpg)

<use ./B00550.jpg>
Package pdftex.def Info: ./B00550.jpg used on input line 186.
(pdftex.def)             Requested size: 71.13188pt x 53.28575pt.
 <./C01100.jpg, id=91, 336.0555pt x 251.7405pt>
File: ./C01100.jpg Graphic file (type jpg)

<use ./C01100.jpg>
Package pdftex.def Info: ./C01100.jpg used on input line 186.
(pdftex.def)             Requested size: 71.13188pt x 53.28575pt.
\imgAXwid=\skip59
 <./A1_2exp_667_1.jpg, id=92, 421.575pt x 316.18124pt>
File: ./A1_2exp_667_1.jpg Graphic file (type jpg)

<use ./A1_2exp_667_1.jpg>
Package pdftex.def Info: ./A1_2exp_667_1.jpg used on input line 242.
(pdftex.def)             Requested size: 58.8974pt x 44.1734pt.

<./A1_2exp_876_1.jpg, id=93, 421.575pt x 316.18124pt>
File: ./A1_2exp_876_1.jpg Graphic file (type jpg)

<use ./A1_2exp_876_1.jpg>
Package pdftex.def Info: ./A1_2exp_876_1.jpg used on input line 242.
(pdftex.def)             Requested size: 58.8974pt x 44.1734pt.

<./A2_2exp_399_1.jpg, id=94, 421.575pt x 316.18124pt>
File: ./A2_2exp_399_1.jpg Graphic file (type jpg)

<use ./A2_2exp_399_1.jpg>
Package pdftex.def Info: ./A2_2exp_399_1.jpg used on input line 242.
(pdftex.def)             Requested size: 58.8974pt x 44.1734pt.

<./A2_LWPR1_399_1.jpg, id=95, 421.575pt x 316.18124pt>
File: ./A2_LWPR1_399_1.jpg Graphic file (type jpg)

<use ./A2_LWPR1_399_1.jpg>
Package pdftex.def Info: ./A2_LWPR1_399_1.jpg used on input line 242.
(pdftex.def)             Requested size: 58.8974pt x 44.1734pt.

<./A2_2exp_87_1.jpg, id=96, 421.575pt x 316.18124pt>
File: ./A2_2exp_87_1.jpg Graphic file (type jpg)
 <use ./A2_2exp_87_1.jpg>
Package pdftex.def Info: ./A2_2exp_87_1.jpg used on input line 242.
(pdftex.def)             Requested size: 58.8974pt x 44.1734pt.

<./A3_2exp_39_1.jpg, id=97, 421.575pt x 316.18124pt>
File: ./A3_2exp_39_1.jpg Graphic file (type jpg)
 <use ./A3_2exp_39_1.jpg>
Package pdftex.def Info: ./A3_2exp_39_1.jpg used on input line 242.
(pdftex.def)             Requested size: 58.8974pt x 44.1734pt.

<./A3_LWPR1_39_1.jpg, id=98, 421.575pt x 316.18124pt>
File: ./A3_LWPR1_39_1.jpg Graphic file (type jpg)

<use ./A3_LWPR1_39_1.jpg>
Package pdftex.def Info: ./A3_LWPR1_39_1.jpg used on input line 242.
(pdftex.def)             Requested size: 58.8974pt x 44.1734pt.

<./A3_physx_39_1.jpg, id=99, 421.575pt x 316.18124pt>
File: ./A3_physx_39_1.jpg Graphic file (type jpg)

<use ./A3_physx_39_1.jpg>
Package pdftex.def Info: ./A3_physx_39_1.jpg used on input line 242.
(pdftex.def)             Requested size: 58.8974pt x 44.1734pt.

<./A1_2exp_667_2.jpg, id=100, 421.575pt x 316.18124pt>
File: ./A1_2exp_667_2.jpg Graphic file (type jpg)

<use ./A1_2exp_667_2.jpg>
Package pdftex.def Info: ./A1_2exp_667_2.jpg used on input line 252.
(pdftex.def)             Requested size: 58.8974pt x 44.1734pt.

<./A1_2exp_876_2.jpg, id=101, 421.575pt x 316.18124pt>
File: ./A1_2exp_876_2.jpg Graphic file (type jpg)

<use ./A1_2exp_876_2.jpg>
Package pdftex.def Info: ./A1_2exp_876_2.jpg used on input line 252.
(pdftex.def)             Requested size: 58.8974pt x 44.1734pt.

<./A2_2exp_399_2.jpg, id=102, 421.575pt x 316.18124pt>
File: ./A2_2exp_399_2.jpg Graphic file (type jpg)

<use ./A2_2exp_399_2.jpg>
Package pdftex.def Info: ./A2_2exp_399_2.jpg used on input line 252.
(pdftex.def)             Requested size: 58.8974pt x 44.1734pt.

<./A2_LWPR1_399_2.jpg, id=103, 421.575pt x 316.18124pt>
File: ./A2_LWPR1_399_2.jpg Graphic file (type jpg)

<use ./A2_LWPR1_399_2.jpg>
Package pdftex.def Info: ./A2_LWPR1_399_2.jpg used on input line 252.
(pdftex.def)             Requested size: 58.8974pt x 44.1734pt.

<./A2_2exp_87_2.jpg, id=104, 421.575pt x 316.18124pt>
File: ./A2_2exp_87_2.jpg Graphic file (type jpg)
 <use ./A2_2exp_87_2.jpg>
Package pdftex.def Info: ./A2_2exp_87_2.jpg used on input line 252.
(pdftex.def)             Requested size: 58.8974pt x 44.1734pt.

<./A3_2exp_39_2.jpg, id=105, 421.575pt x 316.18124pt>
File: ./A3_2exp_39_2.jpg Graphic file (type jpg)
 <use ./A3_2exp_39_2.jpg>
Package pdftex.def Info: ./A3_2exp_39_2.jpg used on input line 252.
(pdftex.def)             Requested size: 58.8974pt x 44.1734pt.

<./A3_LWPR1_39_2.jpg, id=106, 421.575pt x 316.18124pt>
File: ./A3_LWPR1_39_2.jpg Graphic file (type jpg)

<use ./A3_LWPR1_39_2.jpg>
Package pdftex.def Info: ./A3_LWPR1_39_2.jpg used on input line 252.
(pdftex.def)             Requested size: 58.8974pt x 44.1734pt.

<./A3_physx_39_2.jpg, id=107, 421.575pt x 316.18124pt>
File: ./A3_physx_39_2.jpg Graphic file (type jpg)

<use ./A3_physx_39_2.jpg>
Package pdftex.def Info: ./A3_physx_39_2.jpg used on input line 252.
(pdftex.def)             Requested size: 58.8974pt x 44.1734pt.

<./A1_2exp_667_3.jpg, id=108, 421.575pt x 316.18124pt>
File: ./A1_2exp_667_3.jpg Graphic file (type jpg)

<use ./A1_2exp_667_3.jpg>
Package pdftex.def Info: ./A1_2exp_667_3.jpg used on input line 272.
(pdftex.def)             Requested size: 58.8974pt x 44.1734pt.

<./A1_2exp_876_3.jpg, id=109, 421.575pt x 316.18124pt>
File: ./A1_2exp_876_3.jpg Graphic file (type jpg)

<use ./A1_2exp_876_3.jpg>
Package pdftex.def Info: ./A1_2exp_876_3.jpg used on input line 272.
(pdftex.def)             Requested size: 58.8974pt x 44.1734pt.

<./A2_2exp_399_3.jpg, id=110, 421.575pt x 316.18124pt>
File: ./A2_2exp_399_3.jpg Graphic file (type jpg)

<use ./A2_2exp_399_3.jpg>
Package pdftex.def Info: ./A2_2exp_399_3.jpg used on input line 272.
(pdftex.def)             Requested size: 58.8974pt x 44.1734pt.

<./A2_LWPR1_399_3.jpg, id=111, 421.575pt x 316.18124pt>
File: ./A2_LWPR1_399_3.jpg Graphic file (type jpg)

<use ./A2_LWPR1_399_3.jpg>
Package pdftex.def Info: ./A2_LWPR1_399_3.jpg used on input line 272.
(pdftex.def)             Requested size: 58.8974pt x 44.1734pt.

<./A2_2exp_87_3.jpg, id=112, 421.575pt x 316.18124pt>
File: ./A2_2exp_87_3.jpg Graphic file (type jpg)
 <use ./A2_2exp_87_3.jpg>
Package pdftex.def Info: ./A2_2exp_87_3.jpg used on input line 272.
(pdftex.def)             Requested size: 58.8974pt x 44.1734pt.

<./A3_2exp_39_3.jpg, id=113, 421.575pt x 316.18124pt>
File: ./A3_2exp_39_3.jpg Graphic file (type jpg)
 <use ./A3_2exp_39_3.jpg>
Package pdftex.def Info: ./A3_2exp_39_3.jpg used on input line 272.
(pdftex.def)             Requested size: 58.8974pt x 44.1734pt.

<./A3_LWPR1_39_3.jpg, id=114, 421.575pt x 316.18124pt>
File: ./A3_LWPR1_39_3.jpg Graphic file (type jpg)

<use ./A3_LWPR1_39_3.jpg>
Package pdftex.def Info: ./A3_LWPR1_39_3.jpg used on input line 272.
(pdftex.def)             Requested size: 58.8974pt x 44.1734pt.

<./A3_physx_39_3.jpg, id=115, 421.575pt x 316.18124pt>
File: ./A3_physx_39_3.jpg Graphic file (type jpg)

<use ./A3_physx_39_3.jpg>
Package pdftex.def Info: ./A3_physx_39_3.jpg used on input line 272.
(pdftex.def)             Requested size: 58.8974pt x 44.1734pt.

<./A1_2exp_667_4.jpg, id=116, 421.575pt x 316.18124pt>
File: ./A1_2exp_667_4.jpg Graphic file (type jpg)

<use ./A1_2exp_667_4.jpg>
Package pdftex.def Info: ./A1_2exp_667_4.jpg used on input line 282.
(pdftex.def)             Requested size: 58.8974pt x 44.1734pt.

<./A1_2exp_876_4.jpg, id=117, 421.575pt x 316.18124pt>
File: ./A1_2exp_876_4.jpg Graphic file (type jpg)

<use ./A1_2exp_876_4.jpg>
Package pdftex.def Info: ./A1_2exp_876_4.jpg used on input line 282.
(pdftex.def)             Requested size: 58.8974pt x 44.1734pt.

<./A2_2exp_399_4.jpg, id=118, 421.575pt x 316.18124pt>
File: ./A2_2exp_399_4.jpg Graphic file (type jpg)

<use ./A2_2exp_399_4.jpg>
Package pdftex.def Info: ./A2_2exp_399_4.jpg used on input line 282.
(pdftex.def)             Requested size: 58.8974pt x 44.1734pt.

<./A2_LWPR1_399_4.jpg, id=119, 421.575pt x 316.18124pt>
File: ./A2_LWPR1_399_4.jpg Graphic file (type jpg)

<use ./A2_LWPR1_399_4.jpg>
Package pdftex.def Info: ./A2_LWPR1_399_4.jpg used on input line 282.
(pdftex.def)             Requested size: 58.8974pt x 44.1734pt.

<./A2_2exp_87_4.jpg, id=120, 421.575pt x 316.18124pt>
File: ./A2_2exp_87_4.jpg Graphic file (type jpg)
 <use ./A2_2exp_87_4.jpg>
Package pdftex.def Info: ./A2_2exp_87_4.jpg used on input line 282.
(pdftex.def)             Requested size: 58.8974pt x 44.1734pt.

<./A3_2exp_39_4.jpg, id=121, 421.575pt x 316.18124pt>
File: ./A3_2exp_39_4.jpg Graphic file (type jpg)
 <use ./A3_2exp_39_4.jpg>
Package pdftex.def Info: ./A3_2exp_39_4.jpg used on input line 282.
(pdftex.def)             Requested size: 58.8974pt x 44.1734pt.

<./A3_LWPR1_39_4.jpg, id=122, 421.575pt x 316.18124pt>
File: ./A3_LWPR1_39_4.jpg Graphic file (type jpg)

<use ./A3_LWPR1_39_4.jpg>
Package pdftex.def Info: ./A3_LWPR1_39_4.jpg used on input line 282.
(pdftex.def)             Requested size: 58.8974pt x 44.1734pt.

<./A3_physx_39_4.jpg, id=123, 421.575pt x 316.18124pt>
File: ./A3_physx_39_4.jpg Graphic file (type jpg)

<use ./A3_physx_39_4.jpg>
Package pdftex.def Info: ./A3_physx_39_4.jpg used on input line 282.
(pdftex.def)             Requested size: 58.8974pt x 44.1734pt.

<./A1_2exp_667_5.jpg, id=124, 421.575pt x 316.18124pt>
File: ./A1_2exp_667_5.jpg Graphic file (type jpg)

<use ./A1_2exp_667_5.jpg>
Package pdftex.def Info: ./A1_2exp_667_5.jpg used on input line 293.
(pdftex.def)             Requested size: 58.8974pt x 44.1734pt.

<./A1_2exp_876_5.jpg, id=125, 421.575pt x 316.18124pt>
File: ./A1_2exp_876_5.jpg Graphic file (type jpg)

<use ./A1_2exp_876_5.jpg>
Package pdftex.def Info: ./A1_2exp_876_5.jpg used on input line 293.
(pdftex.def)             Requested size: 58.8974pt x 44.1734pt.

<./A2_2exp_399_5.jpg, id=126, 421.575pt x 316.18124pt>
File: ./A2_2exp_399_5.jpg Graphic file (type jpg)

<use ./A2_2exp_399_5.jpg>
Package pdftex.def Info: ./A2_2exp_399_5.jpg used on input line 293.
(pdftex.def)             Requested size: 58.8974pt x 44.1734pt.

<./A2_LWPR1_399_5.jpg, id=127, 421.575pt x 316.18124pt>
File: ./A2_LWPR1_399_5.jpg Graphic file (type jpg)

<use ./A2_LWPR1_399_5.jpg>
Package pdftex.def Info: ./A2_LWPR1_399_5.jpg used on input line 293.
(pdftex.def)             Requested size: 58.8974pt x 44.1734pt.

<./A2_2exp_87_5.jpg, id=128, 421.575pt x 316.18124pt>
File: ./A2_2exp_87_5.jpg Graphic file (type jpg)
 <use ./A2_2exp_87_5.jpg>
Package pdftex.def Info: ./A2_2exp_87_5.jpg used on input line 293.
(pdftex.def)             Requested size: 58.8974pt x 44.1734pt.

<./A3_2exp_39_5.jpg, id=129, 421.575pt x 316.18124pt>
File: ./A3_2exp_39_5.jpg Graphic file (type jpg)
 <use ./A3_2exp_39_5.jpg>
Package pdftex.def Info: ./A3_2exp_39_5.jpg used on input line 293.
(pdftex.def)             Requested size: 58.8974pt x 44.1734pt.

<./A3_LWPR1_39_5.jpg, id=130, 421.575pt x 316.18124pt>
File: ./A3_LWPR1_39_5.jpg Graphic file (type jpg)

<use ./A3_LWPR1_39_5.jpg>
Package pdftex.def Info: ./A3_LWPR1_39_5.jpg used on input line 293.
(pdftex.def)             Requested size: 58.8974pt x 44.1734pt.

<./A3_physx_39_5.jpg, id=131, 421.575pt x 316.18124pt>
File: ./A3_physx_39_5.jpg Graphic file (type jpg)

<use ./A3_physx_39_5.jpg>
Package pdftex.def Info: ./A3_physx_39_5.jpg used on input line 293.
(pdftex.def)             Requested size: 58.8974pt x 44.1734pt.
 <./P2-graphs.jpg, id=132, 1233.60875pt x 572.1375pt>
File: ./P2-graphs.jpg Graphic file (type jpg)

<use ./P2-graphs.jpg>
Package pdftex.def Info: ./P2-graphs.jpg used on input line 321.
(pdftex.def)             Requested size: 396.00151pt x 183.66393pt.
\imgBXwid=\skip60
 <./B1_1exp_20_1.jpg, id=133, 562.1pt x 421.575pt>
File: ./B1_1exp_20_1.jpg Graphic file (type jpg)

<use ./B1_1exp_20_1.jpg>
Package pdftex.def Info: ./B1_1exp_20_1.jpg used on input line 391.
(pdftex.def)             Requested size: 62.59596pt x 46.94589pt.
 <./B1_2exp_20_1.jpg, id=134, 562.1pt x 421.575pt>
File: ./B1_2exp_20_1.jpg Graphic file (type jpg)

<use ./B1_2exp_20_1.jpg>
Package pdftex.def Info: ./B1_2exp_20_1.jpg used on input line 391.
(pdftex.def)             Requested size: 62.59596pt x 46.94589pt.
 <./B1_3exp_20_1.jpg, id=135, 562.1pt x 421.575pt>
File: ./B1_3exp_20_1.jpg Graphic file (type jpg)

<use ./B1_3exp_20_1.jpg>
Package pdftex.def Info: ./B1_3exp_20_1.jpg used on input line 391.
(pdftex.def)             Requested size: 62.59596pt x 46.94589pt.
 <./B2_2exp_58_1.jpg, id=136, 421.575pt x 316.18124pt>
File: ./B2_2exp_58_1.jpg Graphic file (type jpg)

<use ./B2_2exp_58_1.jpg>
Package pdftex.def Info: ./B2_2exp_58_1.jpg used on input line 391.
(pdftex.def)             Requested size: 62.59596pt x 46.94267pt.
 <./B2_1exp_58_1.jpg, id=137, 421.575pt x 316.18124pt>
File: ./B2_1exp_58_1.jpg Graphic file (type jpg)

<use ./B2_1exp_58_1.jpg>
Package pdftex.def Info: ./B2_1exp_58_1.jpg used on input line 391.
(pdftex.def)             Requested size: 62.59596pt x 46.94267pt.

<./B2_LWPR1_58_1.jpg, id=138, 421.575pt x 316.18124pt>
File: ./B2_LWPR1_58_1.jpg Graphic file (type jpg)

<use ./B2_LWPR1_58_1.jpg>
Package pdftex.def Info: ./B2_LWPR1_58_1.jpg used on input line 391.
(pdftex.def)             Requested size: 62.59596pt x 46.94267pt.

<./B2_2exp_38_1.jpg, id=139, 421.575pt x 316.18124pt>
File: ./B2_2exp_38_1.jpg Graphic file (type jpg)
 <use ./B2_2exp_38_1.jpg>
Package pdftex.def Info: ./B2_2exp_38_1.jpg used on input line 391.
(pdftex.def)             Requested size: 62.59596pt x 46.94267pt.

<./B1_1exp_20_2.jpg, id=140, 562.1pt x 421.575pt>
File: ./B1_1exp_20_2.jpg Graphic file (type jpg)
 <use ./B1_1exp_20_2.jpg>
Package pdftex.def Info: ./B1_1exp_20_2.jpg used on input line 401.
(pdftex.def)             Requested size: 62.59596pt x 46.94589pt.

<./B1_2exp_20_2.jpg, id=141, 562.1pt x 421.575pt>
File: ./B1_2exp_20_2.jpg Graphic file (type jpg)
 <use ./B1_2exp_20_2.jpg>
Package pdftex.def Info: ./B1_2exp_20_2.jpg used on input line 401.
(pdftex.def)             Requested size: 62.59596pt x 46.94589pt.

<./B1_3exp_20_2.jpg, id=142, 562.1pt x 421.575pt>
File: ./B1_3exp_20_2.jpg Graphic file (type jpg)
 <use ./B1_3exp_20_2.jpg>
Package pdftex.def Info: ./B1_3exp_20_2.jpg used on input line 401.
(pdftex.def)             Requested size: 62.59596pt x 46.94589pt.

<./B2_2exp_58_2.jpg, id=143, 421.575pt x 316.18124pt>
File: ./B2_2exp_58_2.jpg Graphic file (type jpg)
 <use ./B2_2exp_58_2.jpg>
Package pdftex.def Info: ./B2_2exp_58_2.jpg used on input line 401.
(pdftex.def)             Requested size: 62.59596pt x 46.94267pt.

<./B2_1exp_58_2.jpg, id=144, 421.575pt x 316.18124pt>
File: ./B2_1exp_58_2.jpg Graphic file (type jpg)
 <use ./B2_1exp_58_2.jpg>
Package pdftex.def Info: ./B2_1exp_58_2.jpg used on input line 401.
(pdftex.def)             Requested size: 62.59596pt x 46.94267pt.

<./B2_LWPR1_58_2.jpg, id=145, 421.575pt x 316.18124pt>
File: ./B2_LWPR1_58_2.jpg Graphic file (type jpg)

<use ./B2_LWPR1_58_2.jpg>
Package pdftex.def Info: ./B2_LWPR1_58_2.jpg used on input line 401.
(pdftex.def)             Requested size: 62.59596pt x 46.94267pt.

<./B2_2exp_38_2.jpg, id=146, 421.575pt x 316.18124pt>
File: ./B2_2exp_38_2.jpg Graphic file (type jpg)
 <use ./B2_2exp_38_2.jpg>
Package pdftex.def Info: ./B2_2exp_38_2.jpg used on input line 401.
(pdftex.def)             Requested size: 62.59596pt x 46.94267pt.

<./B1_1exp_20_3.jpg, id=147, 562.1pt x 421.575pt>
File: ./B1_1exp_20_3.jpg Graphic file (type jpg)
 <use ./B1_1exp_20_3.jpg>
Package pdftex.def Info: ./B1_1exp_20_3.jpg used on input line 411.
(pdftex.def)             Requested size: 62.59596pt x 46.94589pt.

<./B1_2exp_20_3.jpg, id=148, 562.1pt x 421.575pt>
File: ./B1_2exp_20_3.jpg Graphic file (type jpg)
 <use ./B1_2exp_20_3.jpg>
Package pdftex.def Info: ./B1_2exp_20_3.jpg used on input line 411.
(pdftex.def)             Requested size: 62.59596pt x 46.94589pt.

<./B1_3exp_20_3.jpg, id=149, 562.1pt x 421.575pt>
File: ./B1_3exp_20_3.jpg Graphic file (type jpg)
 <use ./B1_3exp_20_3.jpg>
Package pdftex.def Info: ./B1_3exp_20_3.jpg used on input line 411.
(pdftex.def)             Requested size: 62.59596pt x 46.94589pt.

<./B2_2exp_58_3.jpg, id=150, 421.575pt x 316.18124pt>
File: ./B2_2exp_58_3.jpg Graphic file (type jpg)
 <use ./B2_2exp_58_3.jpg>
Package pdftex.def Info: ./B2_2exp_58_3.jpg used on input line 411.
(pdftex.def)             Requested size: 62.59596pt x 46.94267pt.

<./B2_1exp_58_3.jpg, id=151, 421.575pt x 316.18124pt>
File: ./B2_1exp_58_3.jpg Graphic file (type jpg)
 <use ./B2_1exp_58_3.jpg>
Package pdftex.def Info: ./B2_1exp_58_3.jpg used on input line 411.
(pdftex.def)             Requested size: 62.59596pt x 46.94267pt.

<./B2_LWPR1_58_3.jpg, id=152, 421.575pt x 316.18124pt>
File: ./B2_LWPR1_58_3.jpg Graphic file (type jpg)

<use ./B2_LWPR1_58_3.jpg>
Package pdftex.def Info: ./B2_LWPR1_58_3.jpg used on input line 411.
(pdftex.def)             Requested size: 62.59596pt x 46.94267pt.

<./B2_2exp_38_3.jpg, id=153, 421.575pt x 316.18124pt>
File: ./B2_2exp_38_3.jpg Graphic file (type jpg)
 <use ./B2_2exp_38_3.jpg>
Package pdftex.def Info: ./B2_2exp_38_3.jpg used on input line 411.
(pdftex.def)             Requested size: 62.59596pt x 46.94267pt.

<./B1_1exp_20_4.jpg, id=154, 562.1pt x 421.575pt>
File: ./B1_1exp_20_4.jpg Graphic file (type jpg)
 <use ./B1_1exp_20_4.jpg>
Package pdftex.def Info: ./B1_1exp_20_4.jpg used on input line 421.
(pdftex.def)             Requested size: 62.59596pt x 46.94589pt.

<./B1_2exp_20_4.jpg, id=155, 562.1pt x 421.575pt>
File: ./B1_2exp_20_4.jpg Graphic file (type jpg)
 <use ./B1_2exp_20_4.jpg>
Package pdftex.def Info: ./B1_2exp_20_4.jpg used on input line 421.
(pdftex.def)             Requested size: 62.59596pt x 46.94589pt.

<./B1_3exp_20_4.jpg, id=156, 562.1pt x 421.575pt>
File: ./B1_3exp_20_4.jpg Graphic file (type jpg)
 <use ./B1_3exp_20_4.jpg>
Package pdftex.def Info: ./B1_3exp_20_4.jpg used on input line 421.
(pdftex.def)             Requested size: 62.59596pt x 46.94589pt.

<./B2_2exp_58_4.jpg, id=157, 421.575pt x 316.18124pt>
File: ./B2_2exp_58_4.jpg Graphic file (type jpg)
 <use ./B2_2exp_58_4.jpg>
Package pdftex.def Info: ./B2_2exp_58_4.jpg used on input line 421.
(pdftex.def)             Requested size: 62.59596pt x 46.94267pt.

<./B2_1exp_58_4.jpg, id=158, 421.575pt x 316.18124pt>
File: ./B2_1exp_58_4.jpg Graphic file (type jpg)
 <use ./B2_1exp_58_4.jpg>
Package pdftex.def Info: ./B2_1exp_58_4.jpg used on input line 421.
(pdftex.def)             Requested size: 62.59596pt x 46.94267pt.

<./B2_LWPR1_58_4.jpg, id=159, 421.575pt x 316.18124pt>
File: ./B2_LWPR1_58_4.jpg Graphic file (type jpg)

<use ./B2_LWPR1_58_4.jpg>
Package pdftex.def Info: ./B2_LWPR1_58_4.jpg used on input line 421.
(pdftex.def)             Requested size: 62.59596pt x 46.94267pt.

<./B2_2exp_38_4.jpg, id=160, 421.575pt x 316.18124pt>
File: ./B2_2exp_38_4.jpg Graphic file (type jpg)
 <use ./B2_2exp_38_4.jpg>
Package pdftex.def Info: ./B2_2exp_38_4.jpg used on input line 421.
(pdftex.def)             Requested size: 62.59596pt x 46.94267pt.

<./B1_1exp_20_5.jpg, id=161, 562.1pt x 421.575pt>
File: ./B1_1exp_20_5.jpg Graphic file (type jpg)
 <use ./B1_1exp_20_5.jpg>
Package pdftex.def Info: ./B1_1exp_20_5.jpg used on input line 431.
(pdftex.def)             Requested size: 62.59596pt x 46.94589pt.

<./B1_2exp_20_5.jpg, id=162, 562.1pt x 421.575pt>
File: ./B1_2exp_20_5.jpg Graphic file (type jpg)
 <use ./B1_2exp_20_5.jpg>
Package pdftex.def Info: ./B1_2exp_20_5.jpg used on input line 431.
(pdftex.def)             Requested size: 62.59596pt x 46.94589pt.

<./B1_3exp_20_5.jpg, id=163, 562.1pt x 421.575pt>
File: ./B1_3exp_20_5.jpg Graphic file (type jpg)
 <use ./B1_3exp_20_5.jpg>
Package pdftex.def Info: ./B1_3exp_20_5.jpg used on input line 431.
(pdftex.def)             Requested size: 62.59596pt x 46.94589pt.

<./B2_2exp_58_5.jpg, id=164, 421.575pt x 316.18124pt>
File: ./B2_2exp_58_5.jpg Graphic file (type jpg)
 <use ./B2_2exp_58_5.jpg>
Package pdftex.def Info: ./B2_2exp_58_5.jpg used on input line 431.
(pdftex.def)             Requested size: 62.59596pt x 46.94267pt.

<./B2_1exp_58_5.jpg, id=165, 421.575pt x 316.18124pt>
File: ./B2_1exp_58_5.jpg Graphic file (type jpg)
 <use ./B2_1exp_58_5.jpg>
Package pdftex.def Info: ./B2_1exp_58_5.jpg used on input line 431.
(pdftex.def)             Requested size: 62.59596pt x 46.94267pt.

<./B2_LWPR1_58_5.jpg, id=166, 421.575pt x 316.18124pt>
File: ./B2_LWPR1_58_5.jpg Graphic file (type jpg)

<use ./B2_LWPR1_58_5.jpg>
Package pdftex.def Info: ./B2_LWPR1_58_5.jpg used on input line 431.
(pdftex.def)             Requested size: 62.59596pt x 46.94267pt.

<./B2_2exp_38_5.jpg, id=167, 421.575pt x 316.18124pt>
File: ./B2_2exp_38_5.jpg Graphic file (type jpg)
 <use ./B2_2exp_38_5.jpg>
Package pdftex.def Info: ./B2_2exp_38_5.jpg used on input line 431.
(pdftex.def)             Requested size: 62.59596pt x 46.94267pt.

[12] <./P3-graphs.jpg, id=171, 1584.92125pt x 1224.575pt>
File: ./P3-graphs.jpg Graphic file (type jpg)

<use ./P3-graphs.jpg>
Package pdftex.def Info: ./P3-graphs.jpg used on input line 449.
(pdftex.def)             Requested size: 396.00151pt x 305.95615pt.

Underfull \vbox (badness 10000) has occurred while \output is active []

\imgCXwid=\skip61

<./C1_2exp_87_1.jpg, id=172, 421.575pt x 316.18124pt>
File: ./C1_2exp_87_1.jpg Graphic file (type jpg)
 <use ./C1_2exp_87_1.jpg>
Package pdftex.def Info: ./C1_2exp_87_1.jpg used on input line 473.
(pdftex.def)             Requested size: 62.59596pt x 46.94267pt.

<./C1_1exp_87_1.jpg, id=173, 421.575pt x 316.18124pt>
File: ./C1_1exp_87_1.jpg Graphic file (type jpg)
 <use ./C1_1exp_87_1.jpg>
Package pdftex.def Info: ./C1_1exp_87_1.jpg used on input line 473.
(pdftex.def)             Requested size: 62.59596pt x 46.94267pt.

<./C1_LWPR1_87_1.jpg, id=174, 421.575pt x 316.18124pt>
File: ./C1_LWPR1_87_1.jpg Graphic file (type jpg)

<use ./C1_LWPR1_87_1.jpg>
Package pdftex.def Info: ./C1_LWPR1_87_1.jpg used on input line 473.
(pdftex.def)             Requested size: 62.59596pt x 46.94267pt.
 <./C5_1exp_6_1.jpg, id=175, 562.1pt x 421.575pt>
File: ./C5_1exp_6_1.jpg Graphic file (type jpg)

<use ./C5_1exp_6_1.jpg>
Package pdftex.def Info: ./C5_1exp_6_1.jpg used on input line 473.
(pdftex.def)             Requested size: 62.59596pt x 46.94589pt.
 <./C5_2exp_6_1.jpg, id=176, 562.1pt x 421.575pt>
File: ./C5_2exp_6_1.jpg Graphic file (type jpg)

<use ./C5_2exp_6_1.jpg>
Package pdftex.def Info: ./C5_2exp_6_1.jpg used on input line 473.
(pdftex.def)             Requested size: 62.59596pt x 46.94589pt.
 <./C5_3exp_6_1.jpg, id=177, 562.1pt x 421.575pt>
File: ./C5_3exp_6_1.jpg Graphic file (type jpg)

<use ./C5_3exp_6_1.jpg>
Package pdftex.def Info: ./C5_3exp_6_1.jpg used on input line 473.
(pdftex.def)             Requested size: 62.59596pt x 46.94589pt.
 <./C2_3exp_75_1.jpg, id=178, 421.575pt x 316.18124pt>
File: ./C2_3exp_75_1.jpg Graphic file (type jpg)

<use ./C2_3exp_75_1.jpg>
Package pdftex.def Info: ./C2_3exp_75_1.jpg used on input line 473.
(pdftex.def)             Requested size: 62.59596pt x 46.94267pt.
 <./C1_2exp_87_2.jpg, id=179, 421.575pt x 316.18124pt>
File: ./C1_2exp_87_2.jpg Graphic file (type jpg)

<use ./C1_2exp_87_2.jpg>
Package pdftex.def Info: ./C1_2exp_87_2.jpg used on input line 483.
(pdftex.def)             Requested size: 62.59596pt x 46.94267pt.
 <./C1_1exp_87_2.jpg, id=180, 421.575pt x 316.18124pt>
File: ./C1_1exp_87_2.jpg Graphic file (type jpg)

<use ./C1_1exp_87_2.jpg>
Package pdftex.def Info: ./C1_1exp_87_2.jpg used on input line 483.
(pdftex.def)             Requested size: 62.59596pt x 46.94267pt.

<./C1_LWPR1_87_2.jpg, id=181, 421.575pt x 316.18124pt>
File: ./C1_LWPR1_87_2.jpg Graphic file (type jpg)

<use ./C1_LWPR1_87_2.jpg>
Package pdftex.def Info: ./C1_LWPR1_87_2.jpg used on input line 483.
(pdftex.def)             Requested size: 62.59596pt x 46.94267pt.
 <./C5_1exp_6_2.jpg, id=182, 562.1pt x 421.575pt>
File: ./C5_1exp_6_2.jpg Graphic file (type jpg)

<use ./C5_1exp_6_2.jpg>
Package pdftex.def Info: ./C5_1exp_6_2.jpg used on input line 483.
(pdftex.def)             Requested size: 62.59596pt x 46.94589pt.
 <./C5_2exp_6_2.jpg, id=183, 562.1pt x 421.575pt>
File: ./C5_2exp_6_2.jpg Graphic file (type jpg)

<use ./C5_2exp_6_2.jpg>
Package pdftex.def Info: ./C5_2exp_6_2.jpg used on input line 483.
(pdftex.def)             Requested size: 62.59596pt x 46.94589pt.
 <./C5_3exp_6_2.jpg, id=184, 562.1pt x 421.575pt>
File: ./C5_3exp_6_2.jpg Graphic file (type jpg)

<use ./C5_3exp_6_2.jpg>
Package pdftex.def Info: ./C5_3exp_6_2.jpg used on input line 483.
(pdftex.def)             Requested size: 62.59596pt x 46.94589pt.
 <./C2_3exp_75_2.jpg, id=185, 421.575pt x 316.18124pt>
File: ./C2_3exp_75_2.jpg Graphic file (type jpg)

<use ./C2_3exp_75_2.jpg>
Package pdftex.def Info: ./C2_3exp_75_2.jpg used on input line 483.
(pdftex.def)             Requested size: 62.59596pt x 46.94267pt.
 <./C1_2exp_87_3.jpg, id=186, 421.575pt x 316.18124pt>
File: ./C1_2exp_87_3.jpg Graphic file (type jpg)

<use ./C1_2exp_87_3.jpg>
Package pdftex.def Info: ./C1_2exp_87_3.jpg used on input line 493.
(pdftex.def)             Requested size: 62.59596pt x 46.94267pt.
 <./C1_1exp_87_3.jpg, id=187, 421.575pt x 316.18124pt>
File: ./C1_1exp_87_3.jpg Graphic file (type jpg)

<use ./C1_1exp_87_3.jpg>
Package pdftex.def Info: ./C1_1exp_87_3.jpg used on input line 493.
(pdftex.def)             Requested size: 62.59596pt x 46.94267pt.

<./C1_LWPR1_87_3.jpg, id=188, 421.575pt x 316.18124pt>
File: ./C1_LWPR1_87_3.jpg Graphic file (type jpg)

<use ./C1_LWPR1_87_3.jpg>
Package pdftex.def Info: ./C1_LWPR1_87_3.jpg used on input line 493.
(pdftex.def)             Requested size: 62.59596pt x 46.94267pt.
 <./C5_1exp_6_3.jpg, id=189, 562.1pt x 421.575pt>
File: ./C5_1exp_6_3.jpg Graphic file (type jpg)

<use ./C5_1exp_6_3.jpg>
Package pdftex.def Info: ./C5_1exp_6_3.jpg used on input line 493.
(pdftex.def)             Requested size: 62.59596pt x 46.94589pt.
 <./C5_2exp_6_3.jpg, id=190, 562.1pt x 421.575pt>
File: ./C5_2exp_6_3.jpg Graphic file (type jpg)

<use ./C5_2exp_6_3.jpg>
Package pdftex.def Info: ./C5_2exp_6_3.jpg used on input line 493.
(pdftex.def)             Requested size: 62.59596pt x 46.94589pt.
 <./C5_3exp_6_3.jpg, id=191, 562.1pt x 421.575pt>
File: ./C5_3exp_6_3.jpg Graphic file (type jpg)

<use ./C5_3exp_6_3.jpg>
Package pdftex.def Info: ./C5_3exp_6_3.jpg used on input line 493.
(pdftex.def)             Requested size: 62.59596pt x 46.94589pt.
 <./C2_3exp_75_3.jpg, id=192, 421.575pt x 316.18124pt>
File: ./C2_3exp_75_3.jpg Graphic file (type jpg)

<use ./C2_3exp_75_3.jpg>
Package pdftex.def Info: ./C2_3exp_75_3.jpg used on input line 493.
(pdftex.def)             Requested size: 62.59596pt x 46.94267pt.
 <./C1_2exp_87_4.jpg, id=193, 421.575pt x 316.18124pt>
File: ./C1_2exp_87_4.jpg Graphic file (type jpg)

<use ./C1_2exp_87_4.jpg>
Package pdftex.def Info: ./C1_2exp_87_4.jpg used on input line 502.
(pdftex.def)             Requested size: 62.59596pt x 46.94267pt.
 <./C1_1exp_87_4.jpg, id=194, 421.575pt x 316.18124pt>
File: ./C1_1exp_87_4.jpg Graphic file (type jpg)

<use ./C1_1exp_87_4.jpg>
Package pdftex.def Info: ./C1_1exp_87_4.jpg used on input line 502.
(pdftex.def)             Requested size: 62.59596pt x 46.94267pt.

<./C1_LWPR1_87_4.jpg, id=195, 421.575pt x 316.18124pt>
File: ./C1_LWPR1_87_4.jpg Graphic file (type jpg)

<use ./C1_LWPR1_87_4.jpg>
Package pdftex.def Info: ./C1_LWPR1_87_4.jpg used on input line 502.
(pdftex.def)             Requested size: 62.59596pt x 46.94267pt.
 <./C5_1exp_6_4.jpg, id=196, 562.1pt x 421.575pt>
File: ./C5_1exp_6_4.jpg Graphic file (type jpg)

<use ./C5_1exp_6_4.jpg>
Package pdftex.def Info: ./C5_1exp_6_4.jpg used on input line 502.
(pdftex.def)             Requested size: 62.59596pt x 46.94589pt.
 <./C5_2exp_6_4.jpg, id=197, 562.1pt x 421.575pt>
File: ./C5_2exp_6_4.jpg Graphic file (type jpg)

<use ./C5_2exp_6_4.jpg>
Package pdftex.def Info: ./C5_2exp_6_4.jpg used on input line 502.
(pdftex.def)             Requested size: 62.59596pt x 46.94589pt.
 <./C5_3exp_6_4.jpg, id=198, 562.1pt x 421.575pt>
File: ./C5_3exp_6_4.jpg Graphic file (type jpg)

<use ./C5_3exp_6_4.jpg>
Package pdftex.def Info: ./C5_3exp_6_4.jpg used on input line 502.
(pdftex.def)             Requested size: 62.59596pt x 46.94589pt.
 <./C2_3exp_75_4.jpg, id=199, 421.575pt x 316.18124pt>
File: ./C2_3exp_75_4.jpg Graphic file (type jpg)

<use ./C2_3exp_75_4.jpg>
Package pdftex.def Info: ./C2_3exp_75_4.jpg used on input line 502.
(pdftex.def)             Requested size: 62.59596pt x 46.94267pt.
 <./C1_2exp_87_5.jpg, id=200, 421.575pt x 316.18124pt>
File: ./C1_2exp_87_5.jpg Graphic file (type jpg)

<use ./C1_2exp_87_5.jpg>
Package pdftex.def Info: ./C1_2exp_87_5.jpg used on input line 512.
(pdftex.def)             Requested size: 62.59596pt x 46.94267pt.
 <./C1_1exp_87_5.jpg, id=201, 421.575pt x 316.18124pt>
File: ./C1_1exp_87_5.jpg Graphic file (type jpg)

<use ./C1_1exp_87_5.jpg>
Package pdftex.def Info: ./C1_1exp_87_5.jpg used on input line 512.
(pdftex.def)             Requested size: 62.59596pt x 46.94267pt.

<./C1_LWPR1_87_5.jpg, id=202, 421.575pt x 316.18124pt>
File: ./C1_LWPR1_87_5.jpg Graphic file (type jpg)

<use ./C1_LWPR1_87_5.jpg>
Package pdftex.def Info: ./C1_LWPR1_87_5.jpg used on input line 512.
(pdftex.def)             Requested size: 62.59596pt x 46.94267pt.
 <./C5_1exp_6_5.jpg, id=203, 562.1pt x 421.575pt>
File: ./C5_1exp_6_5.jpg Graphic file (type jpg)

<use ./C5_1exp_6_5.jpg>
Package pdftex.def Info: ./C5_1exp_6_5.jpg used on input line 512.
(pdftex.def)             Requested size: 62.59596pt x 46.94589pt.
 <./C5_2exp_6_5.jpg, id=204, 562.1pt x 421.575pt>
File: ./C5_2exp_6_5.jpg Graphic file (type jpg)

<use ./C5_2exp_6_5.jpg>
Package pdftex.def Info: ./C5_2exp_6_5.jpg used on input line 512.
(pdftex.def)             Requested size: 62.59596pt x 46.94589pt.
 <./C5_3exp_6_5.jpg, id=205, 562.1pt x 421.575pt>
File: ./C5_3exp_6_5.jpg Graphic file (type jpg)

<use ./C5_3exp_6_5.jpg>
Package pdftex.def Info: ./C5_3exp_6_5.jpg used on input line 512.
(pdftex.def)             Requested size: 62.59596pt x 46.94589pt.
 <./C2_3exp_75_5.jpg, id=206, 421.575pt x 316.18124pt>
File: ./C2_3exp_75_5.jpg Graphic file (type jpg)

<use ./C2_3exp_75_5.jpg>
Package pdftex.def Info: ./C2_3exp_75_5.jpg used on input line 512.
(pdftex.def)             Requested size: 62.59596pt x 46.94267pt.

Underfull \vbox (badness 1701) has occurred while \output is active []

 [13 <./P1-graphs.jpg>]
Overfull \hbox (2.14743pt too wide) in paragraph at lines 526--529
\OT1/cmr/m/n/10 global in-for-ma-tion pre-dict that the fin-ger passes through
 []


Overfull \hbox (4.38245pt too wide) in paragraph at lines 526--529
\OT1/cmr/m/n/10 (KDEF-GAE) pro-duced phys-i-cally plau-si-ble pre-dic-tions.
 []


Overfull \hbox (5.78624pt too wide) in paragraph at lines 526--529
\OT1/cmr/m/n/10 dou-ble cylin-der will slide along the ta-ble, whereas KDEF-
 []

) (./background.tex
Overfull \hbox (0.98064pt too wide) in paragraph at lines 3--4
\OT1/cmr/m/n/10 Related work is split into four broad ar-eas: neu-ro-science,
 []

[14 <./L1av-graph-cyl-sim.jpg>]
Underfull \vbox (badness 1596) has occurred while \output is active []


Underfull \vbox (badness 2426) has occurred while \output is active []

 [15 <./A00000.jpg> <./B00257.jpg> <./C00900.jpg> <./A00050.jpg> <./B00300.jpg>
 <./C00950.jpg> <./A00100.jpg> <./B00350.jpg> <./C01000.jpg> <./A00150.jpg> <./
B00400.jpg> <./C01050.jpg> <./A00200.jpg> <./B00450.jpg> <./C01063.jpg> <./A002
50.jpg> <./B00500.jpg> <./C01069.jpg> <./A00295.jpg> <./B00550.jpg> <./C01100.j
pg>])
(./conclusions.tex
Underfull \vbox (badness 10000) has occurred while \output is active []


Underfull \vbox (badness 10000) has occurred while \output is active []

 [16 <./A1_2exp_667_1.jpg> <./A1_2exp_876_1.jpg> <./A2_2exp_399_1.jpg> <./A2_LW
PR1_399_1.jpg> <./A2_2exp_87_1.jpg> <./A3_2exp_39_1.jpg> <./A3_LWPR1_39_1.jpg> 
<./A3_physx_39_1.jpg> <./A1_2exp_667_2.jpg> <./A1_2exp_876_2.jpg> <./A2_2exp_39
9_2.jpg> <./A2_LWPR1_399_2.jpg> <./A2_2exp_87_2.jpg> <./A3_2exp_39_2.jpg> <./A3
_LWPR1_39_2.jpg> <./A3_physx_39_2.jpg> <./A1_2exp_667_3.jpg> <./A1_2exp_876_3.j
pg> <./A2_2exp_399_3.jpg> <./A2_LWPR1_399_3.jpg> <./A2_2exp_87_3.jpg> <./A3_2ex
p_39_3.jpg> <./A3_LWPR1_39_3.jpg> <./A3_physx_39_3.jpg> <./A1_2exp_667_4.jpg> <
./A1_2exp_876_4.jpg> <./A2_2exp_399_4.jpg> <./A2_LWPR1_399_4.jpg> <./A2_2exp_87
_4.jpg> <./A3_2exp_39_4.jpg> <./A3_LWPR1_39_4.jpg> <./A3_physx_39_4.jpg> <./A1_
2exp_667_5.jpg> <./A1_2exp_876_5.jpg> <./A2_2exp_399_5.jpg> <./A2_LWPR1_399_5.j
pg> <./A2_2exp_87_5.jpg> <./A3_2exp_39_5.jpg> <./A3_LWPR1_39_5.jpg> <./A3_physx
_39_5.jpg> <./P2-graphs.jpg>] [17 <./B1_1exp_20_1.jpg> <./B1_2exp_20_1.jpg> <./
B1_3exp_20_1.jpg> <./B2_2exp_58_1.jpg> <./B2_1exp_58_1.jpg> <./B2_LWPR1_58_1.jp
g> <./B2_2exp_38_1.jpg> <./B1_1exp_20_2.jpg> <./B1_2exp_20_2.jpg> <./B1_3exp_20
_2.jpg> <./B2_2exp_58_2.jpg> <./B2_1exp_58_2.jpg> <./B2_LWPR1_58_2.jpg> <./B2_2
exp_38_2.jpg> <./B1_1exp_20_3.jpg> <./B1_2exp_20_3.jpg> <./B1_3exp_20_3.jpg> <.
/B2_2exp_58_3.jpg> <./B2_1exp_58_3.jpg> <./B2_LWPR1_58_3.jpg> <./B2_2exp_38_3.j
pg> <./B1_1exp_20_4.jpg> <./B1_2exp_20_4.jpg> <./B1_3exp_20_4.jpg> <./B2_2exp_5
8_4.jpg> <./B2_1exp_58_4.jpg> <./B2_LWPR1_58_4.jpg> <./B2_2exp_38_4.jpg> <./B1_
1exp_20_5.jpg> <./B1_2exp_20_5.jpg> <./B1_3exp_20_5.jpg> <./B2_2exp_58_5.jpg> <
./B2_1exp_58_5.jpg> <./B2_LWPR1_58_5.jpg> <./B2_2exp_38_5.jpg>])
(./autonomous-robots-main.bbl
Underfull \vbox (badness 10000) has occurred while \output is active []

 [18 <./P3-graphs.jpg>]
Underfull \vbox (badness 10000) has occurred while \output is active []


Underfull \vbox (badness 10000) has occurred while \output is active []

 [19 <./C1_2exp_87_1.jpg> <./C1_1exp_87_1.jpg> <./C1_LWPR1_87_1.jpg> <./C5_1exp
_6_1.jpg> <./C5_2exp_6_1.jpg> <./C5_3exp_6_1.jpg> <./C2_3exp_75_1.jpg> <./C1_2e
xp_87_2.jpg> <./C1_1exp_87_2.jpg> <./C1_LWPR1_87_2.jpg> <./C5_1exp_6_2.jpg> <./
C5_2exp_6_2.jpg> <./C5_3exp_6_2.jpg> <./C2_3exp_75_2.jpg> <./C1_2exp_87_3.jpg> 
<./C1_1exp_87_3.jpg> <./C1_LWPR1_87_3.jpg> <./C5_1exp_6_3.jpg> <./C5_2exp_6_3.j
pg> <./C5_3exp_6_3.jpg> <./C2_3exp_75_3.jpg> <./C1_2exp_87_4.jpg> <./C1_1exp_87
_4.jpg> <./C1_LWPR1_87_4.jpg> <./C5_1exp_6_4.jpg> <./C5_2exp_6_4.jpg> <./C5_3ex
p_6_4.jpg> <./C2_3exp_75_4.jpg> <./C1_2exp_87_5.jpg> <./C1_1exp_87_5.jpg> <./C1
_LWPR1_87_5.jpg> <./C5_1exp_6_5.jpg> <./C5_2exp_6_5.jpg> <./C5_3exp_6_5.jpg> <.
/C2_3exp_75_5.jpg>]
Underfull \hbox (badness 3158) in paragraph at lines 239--243
[]\OT1/cmr/m/n/8.5 Meri^^Xcli, T., Veloso, M., Ak^^Pn, H.L.: (2014).  Push-
 []


Underfull \vbox (badness 10000) has occurred while \output is active []

) [20]
(./autonomous-robots-main.aux) ) 
Here is how much of TeX's memory you used:
 5238 strings out of 493089
 78533 string characters out of 6134842
 157319 words of memory out of 5000000
 8468 multiletter control sequences out of 15000+600000
 16766 words of font info for 62 fonts, out of 8000000 for 9000
 1141 hyphenation exceptions out of 8191
 42i,11n,50p,1915b,531s stack positions out of 5000i,500n,10000p,200000b,80000s
</usr/local/texlive/2015/texmf-dist/fonts/type1
/public/amsfonts/cm/cmbsy10.pfb></usr/local/texlive/2015/texmf-dist/fonts/type1
/public/amsfonts/cm/cmbx10.pfb></usr/local/texlive/2015/texmf-dist/fonts/type1/
public/amsfonts/cm/cmbx12.pfb></usr/local/texlive/2015/texmf-dist/fonts/type1/p
ublic/amsfonts/cm/cmbx5.pfb></usr/local/texlive/2015/texmf-dist/fonts/type1/pub
lic/amsfonts/cm/cmbx7.pfb></usr/local/texlive/2015/texmf-dist/fonts/type1/publi
c/amsfonts/cm/cmbx8.pfb></usr/local/texlive/2015/texmf-dist/fonts/type1/public/
amsfonts/cm/cmex10.pfb></usr/local/texlive/2015/texmf-dist/fonts/type1/public/a
msfonts/cm/cmmi10.pfb></usr/local/texlive/2015/texmf-dist/fonts/type1/public/am
sfonts/cm/cmmi5.pfb></usr/local/texlive/2015/texmf-dist/fonts/type1/public/amsf
onts/cm/cmmi7.pfb></usr/local/texlive/2015/texmf-dist/fonts/type1/public/amsfon
ts/cm/cmmi8.pfb></usr/local/texlive/2015/texmf-dist/fonts/type1/public/amsfonts
/cm/cmr10.pfb></usr/local/texlive/2015/texmf-dist/fonts/type1/public/amsfonts/c
m/cmr5.pfb></usr/local/texlive/2015/texmf-dist/fonts/type1/public/amsfonts/cm/c
mr7.pfb></usr/local/texlive/2015/texmf-dist/fonts/type1/public/amsfonts/cm/cmr8
.pfb></usr/local/texlive/2015/texmf-dist/fonts/type1/public/amsfonts/cm/cmsy10.
pfb></usr/local/texlive/2015/texmf-dist/fonts/type1/public/amsfonts/cm/cmsy5.pf
b></usr/local/texlive/2015/texmf-dist/fonts/type1/public/amsfonts/cm/cmsy7.pfb>
</usr/local/texlive/2015/texmf-dist/fonts/type1/public/amsfonts/cm/cmsy8.pfb></
usr/local/texlive/2015/texmf-dist/fonts/type1/public/amsfonts/cm/cmti10.pfb></u
sr/local/texlive/2015/texmf-dist/fonts/type1/public/amsfonts/cm/cmti8.pfb></usr
/local/texlive/2015/texmf-dist/fonts/type1/public/amsfonts/symbols/msbm10.pfb>
Output written on autonomous-robots-main.pdf (20 pages, 16528269 bytes).
PDF statistics:
 304 PDF objects out of 1000 (max. 8388607)
 112 compressed objects within 2 object streams
 0 named destinations out of 1000 (max. 500000)
 731 words of extra memory for PDF output out of 10000 (max. 10000000)

